# JRE version: OpenJDK Runtime Environment (8.0_201-b09) (build 1.8.0_201-b09)
# Java VM: OpenJDK 64-Bit Server VM (25.201-b09 mixed mode linux-amd64 compressed oops)
Heap:
 PSYoungGen      total 758784K, used 699449K [0x0000000780000000, 0x00000007b8f00000, 0x00000007c0000000)
  eden space 721920K, 91% used [0x0000000780000000,0x00000007a8711f18,0x00000007ac100000)
  from space 36864K, 99% used [0x00000007af780000,0x00000007b1b7c608,0x00000007b1b80000)
  to   space 55808K, 0% used [0x00000007ac100000,0x00000007ac100000,0x00000007af780000)
 ParOldGen       total 276480K, used 69619K [0x0000000700000000, 0x0000000710e00000, 0x0000000780000000)
  object space 276480K, 25% used [0x0000000700000000,0x00000007043fcfa0,0x0000000710e00000)
 Metaspace       used 49302K, capacity 50396K, committed 50520K, reserved 1093632K
  class space    used 6042K, capacity 6434K, committed 6528K, reserved 1048576K
GC Heap History (20 events):
Event: 1.139 GC heap before
{Heap before GC invocations=1 (full 0):
 PSYoungGen      total 150528K, used 129024K [0x0000000780000000, 0x000000078a800000, 0x00000007c0000000)
  eden space 129024K, 100% used [0x0000000780000000,0x0000000787e00000,0x0000000787e00000)
  from space 21504K, 0% used [0x0000000789300000,0x0000000789300000,0x000000078a800000)
  to   space 21504K, 0% used [0x0000000787e00000,0x0000000787e00000,0x0000000789300000)
 ParOldGen       total 344064K, used 0K [0x0000000700000000, 0x0000000715000000, 0x0000000780000000)
  object space 344064K, 0% used [0x0000000700000000,0x0000000700000000,0x0000000715000000)
 Metaspace       used 19847K, capacity 20248K, committed 20480K, reserved 1067008K
  class space    used 2577K, capacity 2706K, committed 2816K, reserved 1048576K
Event: 1.151 GC heap after
Heap after GC invocations=1 (full 0):
 PSYoungGen      total 150528K, used 15928K [0x0000000780000000, 0x0000000792600000, 0x00000007c0000000)
  eden space 129024K, 0% used [0x0000000780000000,0x0000000780000000,0x0000000787e00000)
  from space 21504K, 74% used [0x0000000787e00000,0x0000000788d8e2c0,0x0000000789300000)
  to   space 21504K, 0% used [0x0000000791100000,0x0000000791100000,0x0000000792600000)
 ParOldGen       total 344064K, used 16K [0x0000000700000000, 0x0000000715000000, 0x0000000780000000)
  object space 344064K, 0% used [0x0000000700000000,0x0000000700004000,0x0000000715000000)
 Metaspace       used 19847K, capacity 20248K, committed 20480K, reserved 1067008K
  class space    used 2577K, capacity 2706K, committed 2816K, reserved 1048576K
}
Event: 1.233 GC heap before
{Heap before GC invocations=2 (full 0):
 PSYoungGen      total 150528K, used 33329K [0x0000000780000000, 0x0000000792600000, 0x00000007c0000000)
  eden space 129024K, 13% used [0x0000000780000000,0x00000007810fe378,0x0000000787e00000)
  from space 21504K, 74% used [0x0000000787e00000,0x0000000788d8e2c0,0x0000000789300000)
  to   space 21504K, 0% used [0x0000000791100000,0x0000000791100000,0x0000000792600000)
 ParOldGen       total 344064K, used 16K [0x0000000700000000, 0x0000000715000000, 0x0000000780000000)
  object space 344064K, 0% used [0x0000000700000000,0x0000000700004000,0x0000000715000000)
 Metaspace       used 20870K, capacity 21176K, committed 21248K, reserved 1067008K
  class space    used 2682K, capacity 2802K, committed 2816K, reserved 1048576K
Event: 1.239 GC heap after
Heap after GC invocations=2 (full 0):
 PSYoungGen      total 279552K, used 8581K [0x0000000780000000, 0x0000000792600000, 0x00000007c0000000)
  eden space 258048K, 0% used [0x0000000780000000,0x0000000780000000,0x000000078fc00000)
  from space 21504K, 39% used [0x0000000791100000,0x0000000791961540,0x0000000792600000)
  to   space 21504K, 0% used [0x000000078fc00000,0x000000078fc00000,0x0000000791100000)
 ParOldGen       total 344064K, used 24K [0x0000000700000000, 0x0000000715000000, 0x0000000780000000)
  object space 344064K, 0% used [0x0000000700000000,0x0000000700006000,0x0000000715000000)
 Metaspace       used 20870K, capacity 21176K, committed 21248K, reserved 1067008K
  class space    used 2682K, capacity 2802K, committed 2816K, reserved 1048576K
}
Event: 1.239 GC heap before
{Heap before GC invocations=3 (full 1):
 PSYoungGen      total 279552K, used 8581K [0x0000000780000000, 0x0000000792600000, 0x00000007c0000000)
  eden space 258048K, 0% used [0x0000000780000000,0x0000000780000000,0x000000078fc00000)
  from space 21504K, 39% used [0x0000000791100000,0x0000000791961540,0x0000000792600000)
  to   space 21504K, 0% used [0x000000078fc00000,0x000000078fc00000,0x0000000791100000)
 ParOldGen       total 344064K, used 24K [0x0000000700000000, 0x0000000715000000, 0x0000000780000000)
  object space 344064K, 0% used [0x0000000700000000,0x0000000700006000,0x0000000715000000)
 Metaspace       used 20870K, capacity 21176K, committed 21248K, reserved 1067008K
  class space    used 2682K, capacity 2802K, committed 2816K, reserved 1048576K
Event: 1.263 GC heap after
Heap after GC invocations=3 (full 1):
 PSYoungGen      total 279552K, used 0K [0x0000000780000000, 0x0000000792600000, 0x00000007c0000000)
  eden space 258048K, 0% used [0x0000000780000000,0x0000000780000000,0x000000078fc00000)
  from space 21504K, 0% used [0x0000000791100000,0x0000000791100000,0x0000000792600000)
  to   space 21504K, 0% used [0x000000078fc00000,0x000000078fc00000,0x0000000791100000)
 ParOldGen       total 181760K, used 8331K [0x0000000700000000, 0x000000070b180000, 0x0000000780000000)
  object space 181760K, 4% used [0x0000000700000000,0x0000000700822d30,0x000000070b180000)
 Metaspace       used 20870K, capacity 21176K, committed 21248K, reserved 1067008K
  class space    used 2682K, capacity 2802K, committed 2816K, reserved 1048576K
}
Event: 3.023 GC heap before
{Heap before GC invocations=4 (full 1):
 PSYoungGen      total 279552K, used 144750K [0x0000000780000000, 0x0000000792600000, 0x00000007c0000000)
  eden space 258048K, 56% used [0x0000000780000000,0x0000000788d5b840,0x000000078fc00000)
  from space 21504K, 0% used [0x0000000791100000,0x0000000791100000,0x0000000792600000)
  to   space 21504K, 0% used [0x000000078fc00000,0x000000078fc00000,0x0000000791100000)
 ParOldGen       total 181760K, used 8331K [0x0000000700000000, 0x000000070b180000, 0x0000000780000000)
  object space 181760K, 4% used [0x0000000700000000,0x0000000700822d30,0x000000070b180000)
 Metaspace       used 34526K, capacity 35372K, committed 35416K, reserved 1079296K
  class space    used 4474K, capacity 4730K, committed 4736K, reserved 1048576K
Event: 3.034 GC heap after
Heap after GC invocations=4 (full 1):
 PSYoungGen      total 279552K, used 14929K [0x0000000780000000, 0x000000079b980000, 0x00000007c0000000)
  eden space 258048K, 0% used [0x0000000780000000,0x0000000780000000,0x000000078fc00000)
  from space 21504K, 69% used [0x000000078fc00000,0x0000000790a94780,0x0000000791100000)
  to   space 21504K, 0% used [0x000000079a480000,0x000000079a480000,0x000000079b980000)
 ParOldGen       total 181760K, used 8411K [0x0000000700000000, 0x000000070b180000, 0x0000000780000000)
  object space 181760K, 4% used [0x0000000700000000,0x0000000700836d40,0x000000070b180000)
 Metaspace       used 34526K, capacity 35372K, committed 35416K, reserved 1079296K
  class space    used 4474K, capacity 4730K, committed 4736K, reserved 1048576K
}
Event: 3.034 GC heap before
{Heap before GC invocations=5 (full 2):
 PSYoungGen      total 279552K, used 14929K [0x0000000780000000, 0x000000079b980000, 0x00000007c0000000)
  eden space 258048K, 0% used [0x0000000780000000,0x0000000780000000,0x000000078fc00000)
  from space 21504K, 69% used [0x000000078fc00000,0x0000000790a94780,0x0000000791100000)
  to   space 21504K, 0% used [0x000000079a480000,0x000000079a480000,0x000000079b980000)
 ParOldGen       total 181760K, used 8411K [0x0000000700000000, 0x000000070b180000, 0x0000000780000000)
  object space 181760K, 4% used [0x0000000700000000,0x0000000700836d40,0x000000070b180000)
 Metaspace       used 34526K, capacity 35372K, committed 35416K, reserved 1079296K
  class space    used 4474K, capacity 4730K, committed 4736K, reserved 1048576K
Event: 3.086 GC heap after
Heap after GC invocations=5 (full 2):
 PSYoungGen      total 279552K, used 0K [0x0000000780000000, 0x000000079b980000, 0x00000007c0000000)
  eden space 258048K, 0% used [0x0000000780000000,0x0000000780000000,0x000000078fc00000)
  from space 21504K, 0% used [0x000000078fc00000,0x000000078fc00000,0x0000000791100000)
  to   space 21504K, 0% used [0x000000079a480000,0x000000079a480000,0x000000079b980000)
 ParOldGen       total 276480K, used 20820K [0x0000000700000000, 0x0000000710e00000, 0x0000000780000000)
  object space 276480K, 7% used [0x0000000700000000,0x0000000701455300,0x0000000710e00000)
 Metaspace       used 34526K, capacity 35372K, committed 35416K, reserved 1079296K
  class space    used 4474K, capacity 4730K, committed 4736K, reserved 1048576K
}
Event: 4.982 GC heap before
{Heap before GC invocations=6 (full 2):
 PSYoungGen      total 279552K, used 258048K [0x0000000780000000, 0x000000079b980000, 0x00000007c0000000)
  eden space 258048K, 100% used [0x0000000780000000,0x000000078fc00000,0x000000078fc00000)
  from space 21504K, 0% used [0x000000078fc00000,0x000000078fc00000,0x0000000791100000)
  to   space 21504K, 0% used [0x000000079a480000,0x000000079a480000,0x000000079b980000)
 ParOldGen       total 276480K, used 20820K [0x0000000700000000, 0x0000000710e00000, 0x0000000780000000)
  object space 276480K, 7% used [0x0000000700000000,0x0000000701455300,0x0000000710e00000)
 Metaspace       used 44568K, capacity 45524K, committed 45784K, reserved 1089536K
  class space    used 5749K, capacity 6103K, committed 6144K, reserved 1048576K
Event: 4.996 GC heap after
Heap after GC invocations=6 (full 2):
 PSYoungGen      total 402432K, used 21497K [0x0000000780000000, 0x000000079b980000, 0x00000007c0000000)
  eden space 380928K, 0% used [0x0000000780000000,0x0000000780000000,0x0000000797400000)
  from space 21504K, 99% used [0x000000079a480000,0x000000079b97e670,0x000000079b980000)
  to   space 21504K, 0% used [0x0000000798f80000,0x0000000798f80000,0x000000079a480000)
 ParOldGen       total 276480K, used 24590K [0x0000000700000000, 0x0000000710e00000, 0x0000000780000000)
  object space 276480K, 8% used [0x0000000700000000,0x0000000701803b90,0x0000000710e00000)
 Metaspace       used 44568K, capacity 45524K, committed 45784K, reserved 1089536K
  class space    used 5749K, capacity 6103K, committed 6144K, reserved 1048576K
}
Event: 7.759 GC heap before
{Heap before GC invocations=7 (full 2):
 PSYoungGen      total 402432K, used 402425K [0x0000000780000000, 0x000000079b980000, 0x00000007c0000000)
  eden space 380928K, 100% used [0x0000000780000000,0x0000000797400000,0x0000000797400000)
  from space 21504K, 99% used [0x000000079a480000,0x000000079b97e670,0x000000079b980000)
  to   space 21504K, 0% used [0x0000000798f80000,0x0000000798f80000,0x000000079a480000)
 ParOldGen       total 276480K, used 24590K [0x0000000700000000, 0x0000000710e00000, 0x0000000780000000)
  object space 276480K, 8% used [0x0000000700000000,0x0000000701803b90,0x0000000710e00000)
 Metaspace       used 48454K, capacity 49464K, committed 49624K, reserved 1093632K
  class space    used 5988K, capacity 6364K, committed 6400K, reserved 1048576K
Event: 7.781 GC heap after
Heap after GC invocations=7 (full 2):
 PSYoungGen      total 430592K, used 21499K [0x0000000780000000, 0x00000007a5e00000, 0x00000007c0000000)
  eden space 409088K, 0% used [0x0000000780000000,0x0000000780000000,0x0000000798f80000)
  from space 21504K, 99% used [0x0000000798f80000,0x000000079a47ecf8,0x000000079a480000)
  to   space 37888K, 0% used [0x00000007a3900000,0x00000007a3900000,0x00000007a5e00000)
 ParOldGen       total 276480K, used 37608K [0x0000000700000000, 0x0000000710e00000, 0x0000000780000000)
  object space 276480K, 13% used [0x0000000700000000,0x00000007024ba1d8,0x0000000710e00000)
 Metaspace       used 48454K, capacity 49464K, committed 49624K, reserved 1093632K
  class space    used 5988K, capacity 6364K, committed 6400K, reserved 1048576K
}
Event: 9.208 GC heap before
{Heap before GC invocations=8 (full 2):
 PSYoungGen      total 430592K, used 430587K [0x0000000780000000, 0x00000007a5e00000, 0x00000007c0000000)
  eden space 409088K, 100% used [0x0000000780000000,0x0000000798f80000,0x0000000798f80000)
  from space 21504K, 99% used [0x0000000798f80000,0x000000079a47ecf8,0x000000079a480000)
  to   space 37888K, 0% used [0x00000007a3900000,0x00000007a3900000,0x00000007a5e00000)
 ParOldGen       total 276480K, used 37608K [0x0000000700000000, 0x0000000710e00000, 0x0000000780000000)
  object space 276480K, 13% used [0x0000000700000000,0x00000007024ba1d8,0x0000000710e00000)
 Metaspace       used 48565K, capacity 49592K, committed 49880K, reserved 1093632K
  class space    used 5988K, capacity 6364K, committed 6400K, reserved 1048576K
Event: 9.219 GC heap after
Heap after GC invocations=8 (full 2):
 PSYoungGen      total 584192K, used 22395K [0x0000000780000000, 0x00000007a7380000, 0x00000007c0000000)
  eden space 546304K, 0% used [0x0000000780000000,0x0000000780000000,0x00000007a1580000)
  from space 37888K, 59% used [0x00000007a3900000,0x00000007a4edecf8,0x00000007a5e00000)
  to   space 36352K, 0% used [0x00000007a1580000,0x00000007a1580000,0x00000007a3900000)
 ParOldGen       total 276480K, used 37616K [0x0000000700000000, 0x0000000710e00000, 0x0000000780000000)
  object space 276480K, 13% used [0x0000000700000000,0x00000007024bc1d8,0x0000000710e00000)
 Metaspace       used 48565K, capacity 49592K, committed 49880K, reserved 1093632K
  class space    used 5988K, capacity 6364K, committed 6400K, reserved 1048576K
}
Event: 11.264 GC heap before
{Heap before GC invocations=9 (full 2):
 PSYoungGen      total 584192K, used 568699K [0x0000000780000000, 0x00000007a7380000, 0x00000007c0000000)
  eden space 546304K, 100% used [0x0000000780000000,0x00000007a1580000,0x00000007a1580000)
  from space 37888K, 59% used [0x00000007a3900000,0x00000007a4edecf8,0x00000007a5e00000)
  to   space 36352K, 0% used [0x00000007a1580000,0x00000007a1580000,0x00000007a3900000)
 ParOldGen       total 276480K, used 37616K [0x0000000700000000, 0x0000000710e00000, 0x0000000780000000)
  object space 276480K, 13% used [0x0000000700000000,0x00000007024bc1d8,0x0000000710e00000)
 Metaspace       used 49155K, capacity 50250K, committed 50520K, reserved 1093632K
  class space    used 6034K, capacity 6431K, committed 6528K, reserved 1048576K
Event: 11.278 GC heap after
Heap after GC invocations=9 (full 2):
 PSYoungGen      total 582656K, used 25513K [0x0000000780000000, 0x00000007b1b80000, 0x00000007c0000000)
  eden space 546304K, 0% used [0x0000000780000000,0x0000000780000000,0x00000007a1580000)
  from space 36352K, 70% used [0x00000007a1580000,0x00000007a2e6a628,0x00000007a3900000)
  to   space 36864K, 0% used [0x00000007af780000,0x00000007af780000,0x00000007b1b80000)
 ParOldGen       total 276480K, used 37624K [0x0000000700000000, 0x0000000710e00000, 0x0000000780000000)
  object space 276480K, 13% used [0x0000000700000000,0x00000007024be1d8,0x0000000710e00000)
 Metaspace       used 49155K, capacity 50250K, committed 50520K, reserved 1093632K
  class space    used 6034K, capacity 6431K, committed 6528K, reserved 1048576K
}
Event: 11.636 GC heap before
{Heap before GC invocations=10 (full 2):
 PSYoungGen      total 582656K, used 571761K [0x0000000780000000, 0x00000007b1b80000, 0x00000007c0000000)
  eden space 546304K, 99% used [0x0000000780000000,0x00000007a1571e38,0x00000007a1580000)
  from space 36352K, 70% used [0x00000007a1580000,0x00000007a2e6a628,0x00000007a3900000)
  to   space 36864K, 0% used [0x00000007af780000,0x00000007af780000,0x00000007b1b80000)
 ParOldGen       total 276480K, used 37624K [0x0000000700000000, 0x0000000710e00000, 0x0000000780000000)
  object space 276480K, 13% used [0x0000000700000000,0x00000007024be1d8,0x0000000710e00000)
 Metaspace       used 49302K, capacity 50396K, committed 50520K, reserved 1093632K
  class space    used 6042K, capacity 6434K, committed 6528K, reserved 1048576K
Event: 11.658 GC heap after
Heap after GC invocations=10 (full 2):
 PSYoungGen      total 758784K, used 36849K [0x0000000780000000, 0x00000007b8f00000, 0x00000007c0000000)
  eden space 721920K, 0% used [0x0000000780000000,0x0000000780000000,0x00000007ac100000)
  from space 36864K, 99% used [0x00000007af780000,0x00000007b1b7c608,0x00000007b1b80000)
  to   space 55808K, 0% used [0x00000007ac100000,0x00000007ac100000,0x00000007af780000)
 ParOldGen       total 276480K, used 69619K [0x0000000700000000, 0x0000000710e00000, 0x0000000780000000)
  object space 276480K, 25% used [0x0000000700000000,0x00000007043fcfa0,0x0000000710e00000)
 Metaspace       used 49302K, capacity 50396K, committed 50520K, reserved 1093632K
  class space    used 6042K, capacity 6434K, committed 6528K, reserved 1048576K
}

