# JRE version: OpenJDK Runtime Environment (8.0_212-b04) (build 1.8.0_212-b04)
# Java VM: OpenJDK 64-Bit Server VM (25.212-b04 mixed mode linux-amd64 compressed oops)
Heap:
 PSYoungGen      total 790016K, used 396631K [0x0000000780000000, 0x00000007c0000000, 0x00000007c0000000)
  eden space 734720K, 46% used [0x0000000780000000,0x0000000794d59050,0x00000007acd80000)
  from space 55296K, 99% used [0x00000007acd80000,0x00000007b037ccd0,0x00000007b0380000)
  to   space 75776K, 0% used [0x00000007bb600000,0x00000007bb600000,0x00000007c0000000)
 ParOldGen       total 222208K, used 121535K [0x0000000700000000, 0x000000070d900000, 0x0000000780000000)
  object space 222208K, 54% used [0x0000000700000000,0x00000007076aff90,0x000000070d900000)
 Metaspace       used 52583K, capacity 53562K, committed 53976K, reserved 1095680K
  class space    used 6408K, capacity 6801K, committed 6912K, reserved 1048576K
GC Heap History (26 events):
Event: 1.161 GC heap before
{Heap before GC invocations=1 (full 0):
 PSYoungGen      total 150528K, used 129024K [0x0000000780000000, 0x000000078a800000, 0x00000007c0000000)
  eden space 129024K, 100% used [0x0000000780000000,0x0000000787e00000,0x0000000787e00000)
  from space 21504K, 0% used [0x0000000789300000,0x0000000789300000,0x000000078a800000)
  to   space 21504K, 0% used [0x0000000787e00000,0x0000000787e00000,0x0000000789300000)
 ParOldGen       total 344064K, used 0K [0x0000000700000000, 0x0000000715000000, 0x0000000780000000)
  object space 344064K, 0% used [0x0000000700000000,0x0000000700000000,0x0000000715000000)
 Metaspace       used 19845K, capacity 20248K, committed 20480K, reserved 1067008K
  class space    used 2577K, capacity 2706K, committed 2816K, reserved 1048576K
Event: 1.172 GC heap after
Heap after GC invocations=1 (full 0):
 PSYoungGen      total 150528K, used 16080K [0x0000000780000000, 0x000000078a800000, 0x00000007c0000000)
  eden space 129024K, 0% used [0x0000000780000000,0x0000000780000000,0x0000000787e00000)
  from space 21504K, 74% used [0x0000000787e00000,0x0000000788db4000,0x0000000789300000)
  to   space 21504K, 0% used [0x0000000789300000,0x0000000789300000,0x000000078a800000)
 ParOldGen       total 344064K, used 16K [0x0000000700000000, 0x0000000715000000, 0x0000000780000000)
  object space 344064K, 0% used [0x0000000700000000,0x0000000700004000,0x0000000715000000)
 Metaspace       used 19845K, capacity 20248K, committed 20480K, reserved 1067008K
  class space    used 2577K, capacity 2706K, committed 2816K, reserved 1048576K
}
Event: 1.250 GC heap before
{Heap before GC invocations=2 (full 0):
 PSYoungGen      total 150528K, used 34362K [0x0000000780000000, 0x000000078a800000, 0x00000007c0000000)
  eden space 129024K, 14% used [0x0000000780000000,0x00000007811da988,0x0000000787e00000)
  from space 21504K, 74% used [0x0000000787e00000,0x0000000788db4000,0x0000000789300000)
  to   space 21504K, 0% used [0x0000000789300000,0x0000000789300000,0x000000078a800000)
 ParOldGen       total 344064K, used 16K [0x0000000700000000, 0x0000000715000000, 0x0000000780000000)
  object space 344064K, 0% used [0x0000000700000000,0x0000000700004000,0x0000000715000000)
 Metaspace       used 20871K, capacity 21176K, committed 21248K, reserved 1067008K
  class space    used 2682K, capacity 2802K, committed 2816K, reserved 1048576K
Event: 1.256 GC heap after
Heap after GC invocations=2 (full 0):
 PSYoungGen      total 150528K, used 8722K [0x0000000780000000, 0x0000000792600000, 0x00000007c0000000)
  eden space 129024K, 0% used [0x0000000780000000,0x0000000780000000,0x0000000787e00000)
  from space 21504K, 40% used [0x0000000789300000,0x0000000789b84bf0,0x000000078a800000)
  to   space 21504K, 0% used [0x0000000787e00000,0x0000000787e00000,0x0000000789300000)
 ParOldGen       total 344064K, used 24K [0x0000000700000000, 0x0000000715000000, 0x0000000780000000)
  object space 344064K, 0% used [0x0000000700000000,0x0000000700006000,0x0000000715000000)
 Metaspace       used 20871K, capacity 21176K, committed 21248K, reserved 1067008K
  class space    used 2682K, capacity 2802K, committed 2816K, reserved 1048576K
}
Event: 1.256 GC heap before
{Heap before GC invocations=3 (full 1):
 PSYoungGen      total 150528K, used 8722K [0x0000000780000000, 0x0000000792600000, 0x00000007c0000000)
  eden space 129024K, 0% used [0x0000000780000000,0x0000000780000000,0x0000000787e00000)
  from space 21504K, 40% used [0x0000000789300000,0x0000000789b84bf0,0x000000078a800000)
  to   space 21504K, 0% used [0x0000000787e00000,0x0000000787e00000,0x0000000789300000)
 ParOldGen       total 344064K, used 24K [0x0000000700000000, 0x0000000715000000, 0x0000000780000000)
  object space 344064K, 0% used [0x0000000700000000,0x0000000700006000,0x0000000715000000)
 Metaspace       used 20871K, capacity 21176K, committed 21248K, reserved 1067008K
  class space    used 2682K, capacity 2802K, committed 2816K, reserved 1048576K
Event: 1.283 GC heap after
Heap after GC invocations=3 (full 1):
 PSYoungGen      total 150528K, used 0K [0x0000000780000000, 0x0000000792600000, 0x00000007c0000000)
  eden space 129024K, 0% used [0x0000000780000000,0x0000000780000000,0x0000000787e00000)
  from space 21504K, 0% used [0x0000000789300000,0x0000000789300000,0x000000078a800000)
  to   space 21504K, 0% used [0x0000000787e00000,0x0000000787e00000,0x0000000789300000)
 ParOldGen       total 182272K, used 8452K [0x0000000700000000, 0x000000070b200000, 0x0000000780000000)
  object space 182272K, 4% used [0x0000000700000000,0x0000000700841388,0x000000070b200000)
 Metaspace       used 20871K, capacity 21176K, committed 21248K, reserved 1067008K
  class space    used 2682K, capacity 2802K, committed 2816K, reserved 1048576K
}
Event: 3.119 GC heap before
{Heap before GC invocations=4 (full 1):
 PSYoungGen      total 150528K, used 129024K [0x0000000780000000, 0x0000000792600000, 0x00000007c0000000)
  eden space 129024K, 100% used [0x0000000780000000,0x0000000787e00000,0x0000000787e00000)
  from space 21504K, 0% used [0x0000000789300000,0x0000000789300000,0x000000078a800000)
  to   space 21504K, 0% used [0x0000000787e00000,0x0000000787e00000,0x0000000789300000)
 ParOldGen       total 182272K, used 8452K [0x0000000700000000, 0x000000070b200000, 0x0000000780000000)
  object space 182272K, 4% used [0x0000000700000000,0x0000000700841388,0x000000070b200000)
 Metaspace       used 34511K, capacity 35372K, committed 35416K, reserved 1079296K
  class space    used 4465K, capacity 4730K, committed 4736K, reserved 1048576K
Event: 3.128 GC heap after
Heap after GC invocations=4 (full 1):
 PSYoungGen      total 150528K, used 14617K [0x0000000780000000, 0x000000078f100000, 0x00000007c0000000)
  eden space 129024K, 0% used [0x0000000780000000,0x0000000780000000,0x0000000787e00000)
  from space 21504K, 67% used [0x0000000787e00000,0x0000000788c467c0,0x0000000789300000)
  to   space 21504K, 0% used [0x000000078dc00000,0x000000078dc00000,0x000000078f100000)
 ParOldGen       total 182272K, used 8532K [0x0000000700000000, 0x000000070b200000, 0x0000000780000000)
  object space 182272K, 4% used [0x0000000700000000,0x0000000700855398,0x000000070b200000)
 Metaspace       used 34511K, capacity 35372K, committed 35416K, reserved 1079296K
  class space    used 4465K, capacity 4730K, committed 4736K, reserved 1048576K
}
Event: 3.139 GC heap before
{Heap before GC invocations=5 (full 1):
 PSYoungGen      total 150528K, used 16693K [0x0000000780000000, 0x000000078f100000, 0x00000007c0000000)
  eden space 129024K, 1% used [0x0000000780000000,0x0000000780206ed8,0x0000000787e00000)
  from space 21504K, 67% used [0x0000000787e00000,0x0000000788c467c0,0x0000000789300000)
  to   space 21504K, 0% used [0x000000078dc00000,0x000000078dc00000,0x000000078f100000)
 ParOldGen       total 182272K, used 8532K [0x0000000700000000, 0x000000070b200000, 0x0000000780000000)
  object space 182272K, 4% used [0x0000000700000000,0x0000000700855398,0x000000070b200000)
 Metaspace       used 34516K, capacity 35372K, committed 35416K, reserved 1079296K
  class space    used 4466K, capacity 4730K, committed 4736K, reserved 1048576K
Event: 3.145 GC heap after
Heap after GC invocations=5 (full 1):
 PSYoungGen      total 225280K, used 7313K [0x0000000780000000, 0x0000000791000000, 0x00000007c0000000)
  eden space 203776K, 0% used [0x0000000780000000,0x0000000780000000,0x000000078c700000)
  from space 21504K, 34% used [0x000000078dc00000,0x000000078e3244e8,0x000000078f100000)
  to   space 21504K, 0% used [0x000000078c700000,0x000000078c700000,0x000000078dc00000)
 ParOldGen       total 182272K, used 8532K [0x0000000700000000, 0x000000070b200000, 0x0000000780000000)
  object space 182272K, 4% used [0x0000000700000000,0x0000000700855398,0x000000070b200000)
 Metaspace       used 34516K, capacity 35372K, committed 35416K, reserved 1079296K
  class space    used 4466K, capacity 4730K, committed 4736K, reserved 1048576K
}
Event: 3.145 GC heap before
{Heap before GC invocations=6 (full 2):
 PSYoungGen      total 225280K, used 7313K [0x0000000780000000, 0x0000000791000000, 0x00000007c0000000)
  eden space 203776K, 0% used [0x0000000780000000,0x0000000780000000,0x000000078c700000)
  from space 21504K, 34% used [0x000000078dc00000,0x000000078e3244e8,0x000000078f100000)
  to   space 21504K, 0% used [0x000000078c700000,0x000000078c700000,0x000000078dc00000)
 ParOldGen       total 182272K, used 8532K [0x0000000700000000, 0x000000070b200000, 0x0000000780000000)
  object space 182272K, 4% used [0x0000000700000000,0x0000000700855398,0x000000070b200000)
 Metaspace       used 34516K, capacity 35372K, committed 35416K, reserved 1079296K
  class space    used 4466K, capacity 4730K, committed 4736K, reserved 1048576K
Event: 3.195 GC heap after
Heap after GC invocations=6 (full 2):
 PSYoungGen      total 225280K, used 0K [0x0000000780000000, 0x0000000791000000, 0x00000007c0000000)
  eden space 203776K, 0% used [0x0000000780000000,0x0000000780000000,0x000000078c700000)
  from space 21504K, 0% used [0x000000078dc00000,0x000000078dc00000,0x000000078f100000)
  to   space 21504K, 0% used [0x000000078c700000,0x000000078c700000,0x000000078dc00000)
 ParOldGen       total 222208K, used 13773K [0x0000000700000000, 0x000000070d900000, 0x0000000780000000)
  object space 222208K, 6% used [0x0000000700000000,0x0000000700d73528,0x000000070d900000)
 Metaspace       used 34516K, capacity 35372K, committed 35416K, reserved 1079296K
  class space    used 4466K, capacity 4730K, committed 4736K, reserved 1048576K
}
Event: 4.616 GC heap before
{Heap before GC invocations=7 (full 2):
 PSYoungGen      total 225280K, used 203776K [0x0000000780000000, 0x0000000791000000, 0x00000007c0000000)
  eden space 203776K, 100% used [0x0000000780000000,0x000000078c700000,0x000000078c700000)
  from space 21504K, 0% used [0x000000078dc00000,0x000000078dc00000,0x000000078f100000)
  to   space 21504K, 0% used [0x000000078c700000,0x000000078c700000,0x000000078dc00000)
 ParOldGen       total 222208K, used 13773K [0x0000000700000000, 0x000000070d900000, 0x0000000780000000)
  object space 222208K, 6% used [0x0000000700000000,0x0000000700d73528,0x000000070d900000)
 Metaspace       used 40705K, capacity 41716K, committed 41816K, reserved 1085440K
  class space    used 5306K, capacity 5691K, committed 5760K, reserved 1048576K
Event: 4.627 GC heap after
Heap after GC invocations=7 (full 2):
 PSYoungGen      total 225280K, used 21492K [0x0000000780000000, 0x0000000799080000, 0x00000007c0000000)
  eden space 203776K, 0% used [0x0000000780000000,0x0000000780000000,0x000000078c700000)
  from space 21504K, 99% used [0x000000078c700000,0x000000078dbfd3e0,0x000000078dc00000)
  to   space 25600K, 0% used [0x0000000797780000,0x0000000797780000,0x0000000799080000)
 ParOldGen       total 222208K, used 15456K [0x0000000700000000, 0x000000070d900000, 0x0000000780000000)
  object space 222208K, 6% used [0x0000000700000000,0x0000000700f183f0,0x000000070d900000)
 Metaspace       used 40705K, capacity 41716K, committed 41816K, reserved 1085440K
  class space    used 5306K, capacity 5691K, committed 5760K, reserved 1048576K
}
Event: 6.478 GC heap before
{Heap before GC invocations=8 (full 2):
 PSYoungGen      total 225280K, used 225268K [0x0000000780000000, 0x0000000799080000, 0x00000007c0000000)
  eden space 203776K, 100% used [0x0000000780000000,0x000000078c700000,0x000000078c700000)
  from space 21504K, 99% used [0x000000078c700000,0x000000078dbfd3e0,0x000000078dc00000)
  to   space 25600K, 0% used [0x0000000797780000,0x0000000797780000,0x0000000799080000)
 ParOldGen       total 222208K, used 15456K [0x0000000700000000, 0x000000070d900000, 0x0000000780000000)
  object space 222208K, 6% used [0x0000000700000000,0x0000000700f183f0,0x000000070d900000)
 Metaspace       used 47183K, capacity 48222K, committed 48344K, reserved 1091584K
  class space    used 5948K, capacity 6337K, committed 6400K, reserved 1048576K
Event: 6.524 GC heap after
Heap after GC invocations=8 (full 2):
 PSYoungGen      total 361984K, used 25589K [0x0000000780000000, 0x000000079b580000, 0x00000007c0000000)
  eden space 336384K, 0% used [0x0000000780000000,0x0000000780000000,0x0000000794880000)
  from space 25600K, 99% used [0x0000000797780000,0x000000079907d7f0,0x0000000799080000)
  to   space 48128K, 0% used [0x0000000794880000,0x0000000794880000,0x0000000797780000)
 ParOldGen       total 222208K, used 47601K [0x0000000700000000, 0x000000070d900000, 0x0000000780000000)
  object space 222208K, 21% used [0x0000000700000000,0x0000000702e7c548,0x000000070d900000)
 Metaspace       used 47183K, capacity 48222K, committed 48344K, reserved 1091584K
  class space    used 5948K, capacity 6337K, committed 6400K, reserved 1048576K
}
Event: 9.018 GC heap before
{Heap before GC invocations=9 (full 2):
 PSYoungGen      total 361984K, used 361973K [0x0000000780000000, 0x000000079b580000, 0x00000007c0000000)
  eden space 336384K, 100% used [0x0000000780000000,0x0000000794880000,0x0000000794880000)
  from space 25600K, 99% used [0x0000000797780000,0x000000079907d7f0,0x0000000799080000)
  to   space 48128K, 0% used [0x0000000794880000,0x0000000794880000,0x0000000797780000)
 ParOldGen       total 222208K, used 47601K [0x0000000700000000, 0x000000070d900000, 0x0000000780000000)
  object space 222208K, 21% used [0x0000000700000000,0x0000000702e7c548,0x000000070d900000)
 Metaspace       used 49297K, capacity 50294K, committed 50520K, reserved 1093632K
  class space    used 6095K, capacity 6469K, committed 6528K, reserved 1048576K
Event: 9.045 GC heap after
Heap after GC invocations=9 (full 2):
 PSYoungGen      total 384512K, used 40750K [0x0000000780000000, 0x00000007a9080000, 0x00000007c0000000)
  eden space 336384K, 0% used [0x0000000780000000,0x0000000780000000,0x0000000794880000)
  from space 48128K, 84% used [0x0000000794880000,0x000000079704bac0,0x0000000797780000)
  to   space 54272K, 0% used [0x00000007a5b80000,0x00000007a5b80000,0x00000007a9080000)
 ParOldGen       total 222208K, used 47609K [0x0000000700000000, 0x000000070d900000, 0x0000000780000000)
  object space 222208K, 21% used [0x0000000700000000,0x0000000702e7e548,0x000000070d900000)
 Metaspace       used 49297K, capacity 50294K, committed 50520K, reserved 1093632K
  class space    used 6095K, capacity 6469K, committed 6528K, reserved 1048576K
}
Event: 10.330 GC heap before
{Heap before GC invocations=10 (full 2):
 PSYoungGen      total 384512K, used 377134K [0x0000000780000000, 0x00000007a9080000, 0x00000007c0000000)
  eden space 336384K, 100% used [0x0000000780000000,0x0000000794880000,0x0000000794880000)
  from space 48128K, 84% used [0x0000000794880000,0x000000079704bac0,0x0000000797780000)
  to   space 54272K, 0% used [0x00000007a5b80000,0x00000007a5b80000,0x00000007a9080000)
 ParOldGen       total 222208K, used 47609K [0x0000000700000000, 0x000000070d900000, 0x0000000780000000)
  object space 222208K, 21% used [0x0000000700000000,0x0000000702e7e548,0x000000070d900000)
 Metaspace       used 49402K, capacity 50422K, committed 50776K, reserved 1093632K
  class space    used 6095K, capacity 6469K, committed 6528K, reserved 1048576K
Event: 10.350 GC heap after
Heap after GC invocations=10 (full 2):
 PSYoungGen      total 595456K, used 40983K [0x0000000780000000, 0x00000007a8980000, 0x00000007c0000000)
  eden space 548352K, 0% used [0x0000000780000000,0x0000000780000000,0x00000007a1780000)
  from space 47104K, 87% used [0x00000007a5b80000,0x00000007a8385de8,0x00000007a8980000)
  to   space 58368K, 0% used [0x00000007a1780000,0x00000007a1780000,0x00000007a5080000)
 ParOldGen       total 222208K, used 47617K [0x0000000700000000, 0x000000070d900000, 0x0000000780000000)
  object space 222208K, 21% used [0x0000000700000000,0x0000000702e80548,0x000000070d900000)
 Metaspace       used 49402K, capacity 50422K, committed 50776K, reserved 1093632K
  class space    used 6095K, capacity 6469K, committed 6528K, reserved 1048576K
}
Event: 12.359 GC heap before
{Heap before GC invocations=11 (full 2):
 PSYoungGen      total 595456K, used 589335K [0x0000000780000000, 0x00000007a8980000, 0x00000007c0000000)
  eden space 548352K, 100% used [0x0000000780000000,0x00000007a1780000,0x00000007a1780000)
  from space 47104K, 87% used [0x00000007a5b80000,0x00000007a8385de8,0x00000007a8980000)
  to   space 58368K, 0% used [0x00000007a1780000,0x00000007a1780000,0x00000007a5080000)
 ParOldGen       total 222208K, used 47617K [0x0000000700000000, 0x000000070d900000, 0x0000000780000000)
  object space 222208K, 21% used [0x0000000700000000,0x0000000702e80548,0x000000070d900000)
 Metaspace       used 49622K, capacity 50620K, committed 50776K, reserved 1093632K
  class space    used 6112K, capacity 6470K, committed 6528K, reserved 1048576K
Event: 12.397 GC heap after
Heap after GC invocations=11 (full 2):
 PSYoungGen      total 606720K, used 16959K [0x0000000780000000, 0x00000007b4500000, 0x00000007c0000000)
  eden space 548352K, 0% used [0x0000000780000000,0x0000000780000000,0x00000007a1780000)
  from space 58368K, 29% used [0x00000007a1780000,0x00000007a280fe48,0x00000007a5080000)
  to   space 56320K, 0% used [0x00000007b0e00000,0x00000007b0e00000,0x00000007b4500000)
 ParOldGen       total 222208K, used 72857K [0x0000000700000000, 0x000000070d900000, 0x0000000780000000)
  object space 222208K, 32% used [0x0000000700000000,0x00000007047264a0,0x000000070d900000)
 Metaspace       used 49622K, capacity 50620K, committed 50776K, reserved 1093632K
  class space    used 6112K, capacity 6470K, committed 6528K, reserved 1048576K
}
Event: 13.973 GC heap before
{Heap before GC invocations=12 (full 2):
 PSYoungGen      total 606720K, used 565311K [0x0000000780000000, 0x00000007b4500000, 0x00000007c0000000)
  eden space 548352K, 100% used [0x0000000780000000,0x00000007a1780000,0x00000007a1780000)
  from space 58368K, 29% used [0x00000007a1780000,0x00000007a280fe48,0x00000007a5080000)
  to   space 56320K, 0% used [0x00000007b0e00000,0x00000007b0e00000,0x00000007b4500000)
 ParOldGen       total 222208K, used 72857K [0x0000000700000000, 0x000000070d900000, 0x0000000780000000)
  object space 222208K, 32% used [0x0000000700000000,0x00000007047264a0,0x000000070d900000)
 Metaspace       used 52479K, capacity 53492K, committed 53720K, reserved 1095680K
  class space    used 6402K, capacity 6800K, committed 6912K, reserved 1048576K
Event: 14.003 GC heap after
Heap after GC invocations=12 (full 2):
 PSYoungGen      total 779264K, used 14233K [0x0000000780000000, 0x00000007b3980000, 0x00000007c0000000)
  eden space 734720K, 0% used [0x0000000780000000,0x0000000780000000,0x00000007acd80000)
  from space 44544K, 31% used [0x00000007b0e00000,0x00000007b1be6578,0x00000007b3980000)
  to   space 55296K, 0% used [0x00000007acd80000,0x00000007acd80000,0x00000007b0380000)
 ParOldGen       total 222208K, used 88199K [0x0000000700000000, 0x000000070d900000, 0x0000000780000000)
  object space 222208K, 39% used [0x0000000700000000,0x0000000705621e40,0x000000070d900000)
 Metaspace       used 52479K, capacity 53492K, committed 53720K, reserved 1095680K
  class space    used 6402K, capacity 6800K, committed 6912K, reserved 1048576K
}
Event: 14.623 GC heap before
{Heap before GC invocations=13 (full 2):
 PSYoungGen      total 779264K, used 746850K [0x0000000780000000, 0x00000007b3980000, 0x00000007c0000000)
  eden space 734720K, 99% used [0x0000000780000000,0x00000007acb72620,0x00000007acd80000)
  from space 44544K, 31% used [0x00000007b0e00000,0x00000007b1be6578,0x00000007b3980000)
  to   space 55296K, 0% used [0x00000007acd80000,0x00000007acd80000,0x00000007b0380000)
 ParOldGen       total 222208K, used 88199K [0x0000000700000000, 0x000000070d900000, 0x0000000780000000)
  object space 222208K, 39% used [0x0000000700000000,0x0000000705621e40,0x000000070d900000)
 Metaspace       used 52583K, capacity 53562K, committed 53976K, reserved 1095680K
  class space    used 6408K, capacity 6801K, committed 6912K, reserved 1048576K
Event: 14.658 GC heap after
Heap after GC invocations=13 (full 2):
 PSYoungGen      total 790016K, used 55283K [0x0000000780000000, 0x00000007c0000000, 0x00000007c0000000)
  eden space 734720K, 0% used [0x0000000780000000,0x0000000780000000,0x00000007acd80000)
  from space 55296K, 99% used [0x00000007acd80000,0x00000007b037ccd0,0x00000007b0380000)
  to   space 75776K, 0% used [0x00000007bb600000,0x00000007bb600000,0x00000007c0000000)
 ParOldGen       total 222208K, used 121535K [0x0000000700000000, 0x000000070d900000, 0x0000000780000000)
  object space 222208K, 54% used [0x0000000700000000,0x00000007076aff90,0x000000070d900000)
 Metaspace       used 52583K, capacity 53562K, committed 53976K, reserved 1095680K
  class space    used 6408K, capacity 6801K, committed 6912K, reserved 1048576K
}

